The system is: Darwin - 11.3.0 - i386
Compiling the C compiler identification source file "CMakeCCompilerId.c" succeeded.
Compiler: /usr/bin/gcc 
Build flags: 
Id flags: 

The output was:
0


Compilation of the C compiler identification source "CMakeCCompilerId.c" produced "a.out"

The C compiler identification is GNU, found in "/Users/wangjiatc/Documents/MyProj/supertuxkart/CMakeFiles/CompilerIdC/a.out"

Compiling the CXX compiler identification source file "CMakeCXXCompilerId.cpp" succeeded.
Compiler: /usr/bin/g++ 
Build flags: 
Id flags: 

The output was:
0


Compilation of the CXX compiler identification source "CMakeCXXCompilerId.cpp" produced "a.out"

The CXX compiler identification is GNU, found in "/Users/wangjiatc/Documents/MyProj/supertuxkart/CMakeFiles/CompilerIdCXX/a.out"

Determining if the C compiler works passed with the following output:
Change Dir: /Users/wangjiatc/Documents/MyProj/supertuxkart/CMakeFiles/CMakeTmp

Run Build Command:/Applications/CMake\ 2.8-9.app/Contents/bin/cmakexbuild -project CMAKE_TRY_COMPILE.xcodeproj build -target cmTryCompileExec3450851072 -configuration Debug
=== BUILD NATIVE TARGET cmTryCompileExec3450851072 OF PROJECT CMAKE_TRY_COMPILE WITH CONFIGURATION Debug ===
Check dependencies

CompileC CMAKE_TRY_COMPILE.build/Debug/cmTryCompileExec3450851072.build/Objects-normal/x86_64/testCCompiler.o testCCompiler.c normal x86_64 c com.apple.compilers.llvm.clang.1_0.compiler
    cd /Users/wangjiatc/Documents/MyProj/supertuxkart/CMakeFiles/CMakeTmp
    /Developer/usr/bin/clang -x c -arch x86_64 -fmessage-length=0 -fdiagnostics-print-source-range-info -fdiagnostics-show-category=id -fdiagnostics-parseable-fixits -Wno-trigraphs -fpascal-strings -O0 -Wno-return-type -Wparentheses -Wswitch -Wno-unused-parameter -Wno-unused-variable -Wunused-value -Wno-shorten-64-to-32 "-DCMAKE_INTDIR=\"Debug\"" -isysroot /Developer/SDKs/MacOSX10.7.sdk -fasm-blocks -mmacosx-version-min=10.7 -gdwarf-2 -Wno-sign-conversion -I/Users/wangjiatc/Documents/MyProj/supertuxkart/CMakeFiles/CMakeTmp/Debug/include -I/Users/wangjiatc/Documents/MyProj/supertuxkart/CMakeFiles/CMakeTmp/CMAKE_TRY_COMPILE.build/Debug/cmTryCompileExec3450851072.build/DerivedSources/x86_64 -I/Users/wangjiatc/Documents/MyProj/supertuxkart/CMakeFiles/CMakeTmp/CMAKE_TRY_COMPILE.build/Debug/cmTryCompileExec3450851072.build/DerivedSources -Wmost -Wno-four-char-constants -Wno-unknown-pragmas -F/Users/wangjiatc/Documents/MyProj/supertuxkart/CMakeFiles/CMakeTmp/Debug -MMD -MT dependencies -MF /Users/wangjiatc/Documents/MyProj/supertuxkart/CMakeFiles/CMakeTmp/CMAKE_TRY_COMPILE.build/Debug/cmTryCompileExec3450851072.build/Objects-normal/x86_64/testCCompiler.d -c /Users/wangjiatc/Documents/MyProj/supertuxkart/CMakeFiles/CMakeTmp/testCCompiler.c -o /Users/wangjiatc/Documents/MyProj/supertuxkart/CMakeFiles/CMakeTmp/CMAKE_TRY_COMPILE.build/Debug/cmTryCompileExec3450851072.build/Objects-normal/x86_64/testCCompiler.o

Ld Debug/cmTryCompileExec3450851072 normal x86_64
    cd /Users/wangjiatc/Documents/MyProj/supertuxkart/CMakeFiles/CMakeTmp
    /Developer/usr/bin/clang -arch x86_64 -isysroot /Developer/SDKs/MacOSX10.7.sdk -L/Users/wangjiatc/Documents/MyProj/supertuxkart/CMakeFiles/CMakeTmp/Debug -F/Users/wangjiatc/Documents/MyProj/supertuxkart/CMakeFiles/CMakeTmp/Debug -filelist /Users/wangjiatc/Documents/MyProj/supertuxkart/CMakeFiles/CMakeTmp/CMAKE_TRY_COMPILE.build/Debug/cmTryCompileExec3450851072.build/Objects-normal/x86_64/cmTryCompileExec3450851072.LinkFileList -mmacosx-version-min=10.7 -Wl,-search_paths_first -Wl,-headerpad_max_install_names -o /Users/wangjiatc/Documents/MyProj/supertuxkart/CMakeFiles/CMakeTmp/Debug/cmTryCompileExec3450851072

PhaseScriptExecution "CMake PostBuild Rules" CMAKE_TRY_COMPILE.build/Debug/cmTryCompileExec3450851072.build/Script-492E27E9D4024A74A3C46EA8.sh
    cd /Users/wangjiatc/Documents/MyProj/supertuxkart/CMakeFiles/CMakeTmp
    /bin/sh -c /Users/wangjiatc/Documents/MyProj/supertuxkart/CMakeFiles/CMakeTmp/CMAKE_TRY_COMPILE.build/Debug/cmTryCompileExec3450851072.build/Script-492E27E9D4024A74A3C46EA8.sh
echo "Depend check for xcode"
Depend check for xcode
cd /Users/wangjiatc/Documents/MyProj/supertuxkart/CMakeFiles/CMakeTmp && make -C /Users/wangjiatc/Documents/MyProj/supertuxkart/CMakeFiles/CMakeTmp -f /Users/wangjiatc/Documents/MyProj/supertuxkart/CMakeFiles/CMakeTmp/CMakeScripts/XCODE_DEPEND_HELPER.make PostBuild.cmTryCompileExec3450851072.Debug
make[1]: Nothing to be done for `PostBuild.cmTryCompileExec3450851072.Debug'.


** BUILD SUCCEEDED **



Detecting C compiler ABI info compiled with the following output:
Change Dir: /Users/wangjiatc/Documents/MyProj/supertuxkart/CMakeFiles/CMakeTmp

Run Build Command:/Applications/CMake\ 2.8-9.app/Contents/bin/cmakexbuild -project CMAKE_TRY_COMPILE.xcodeproj build -target cmTryCompileExec3555951764 -configuration Debug
=== BUILD NATIVE TARGET cmTryCompileExec3555951764 OF PROJECT CMAKE_TRY_COMPILE WITH CONFIGURATION Debug ===
Check dependencies

CompileC CMAKE_TRY_COMPILE.build/Debug/cmTryCompileExec3555951764.build/Objects-normal/x86_64/CMakeCCompilerABI.o "../../../../../../../Applications/CMake 2.8-9.app/Contents/share/cmake-2.8/Modules/CMakeCCompilerABI.c" normal x86_64 c com.apple.compilers.llvm.clang.1_0.compiler
    cd /Users/wangjiatc/Documents/MyProj/supertuxkart/CMakeFiles/CMakeTmp
    /Developer/usr/bin/clang -x c -arch x86_64 -fmessage-length=0 -fdiagnostics-print-source-range-info -fdiagnostics-show-category=id -fdiagnostics-parseable-fixits -Wno-trigraphs -fpascal-strings -O0 -Wno-return-type -Wparentheses -Wswitch -Wno-unused-parameter -Wno-unused-variable -Wunused-value -Wno-shorten-64-to-32 "-DCMAKE_INTDIR=\"Debug\"" -isysroot /Developer/SDKs/MacOSX10.7.sdk -fasm-blocks -mmacosx-version-min=10.7 -gdwarf-2 -Wno-sign-conversion -I/Users/wangjiatc/Documents/MyProj/supertuxkart/CMakeFiles/CMakeTmp/Debug/include -I/Users/wangjiatc/Documents/MyProj/supertuxkart/CMakeFiles/CMakeTmp/CMAKE_TRY_COMPILE.build/Debug/cmTryCompileExec3555951764.build/DerivedSources/x86_64 -I/Users/wangjiatc/Documents/MyProj/supertuxkart/CMakeFiles/CMakeTmp/CMAKE_TRY_COMPILE.build/Debug/cmTryCompileExec3555951764.build/DerivedSources -Wmost -Wno-four-char-constants -Wno-unknown-pragmas -F/Users/wangjiatc/Documents/MyProj/supertuxkart/CMakeFiles/CMakeTmp/Debug -MMD -MT dependencies -MF /Users/wangjiatc/Documents/MyProj/supertuxkart/CMakeFiles/CMakeTmp/CMAKE_TRY_COMPILE.build/Debug/cmTryCompileExec3555951764.build/Objects-normal/x86_64/CMakeCCompilerABI.d -c "/Users/wangjiatc/Documents/MyProj/supertuxkart/CMakeFiles/CMakeTmp/../../../../../../../Applications/CMake 2.8-9.app/Contents/share/cmake-2.8/Modules/CMakeCCompilerABI.c" -o /Users/wangjiatc/Documents/MyProj/supertuxkart/CMakeFiles/CMakeTmp/CMAKE_TRY_COMPILE.build/Debug/cmTryCompileExec3555951764.build/Objects-normal/x86_64/CMakeCCompilerABI.o

Ld Debug/cmTryCompileExec3555951764 normal x86_64
    cd /Users/wangjiatc/Documents/MyProj/supertuxkart/CMakeFiles/CMakeTmp
    /Developer/usr/bin/clang -arch x86_64 -isysroot /Developer/SDKs/MacOSX10.7.sdk -L/Users/wangjiatc/Documents/MyProj/supertuxkart/CMakeFiles/CMakeTmp/Debug -F/Users/wangjiatc/Documents/MyProj/supertuxkart/CMakeFiles/CMakeTmp/Debug -filelist /Users/wangjiatc/Documents/MyProj/supertuxkart/CMakeFiles/CMakeTmp/CMAKE_TRY_COMPILE.build/Debug/cmTryCompileExec3555951764.build/Objects-normal/x86_64/cmTryCompileExec3555951764.LinkFileList -mmacosx-version-min=10.7 -v -Wl,-search_paths_first -Wl,-headerpad_max_install_names -o /Users/wangjiatc/Documents/MyProj/supertuxkart/CMakeFiles/CMakeTmp/Debug/cmTryCompileExec3555951764

PhaseScriptExecution "CMake PostBuild Rules" CMAKE_TRY_COMPILE.build/Debug/cmTryCompileExec3555951764.build/Script-99C367C6ACA6420B94DC0D33.sh
    cd /Users/wangjiatc/Documents/MyProj/supertuxkart/CMakeFiles/CMakeTmp
    /bin/sh -c /Users/wangjiatc/Documents/MyProj/supertuxkart/CMakeFiles/CMakeTmp/CMAKE_TRY_COMPILE.build/Debug/cmTryCompileExec3555951764.build/Script-99C367C6ACA6420B94DC0D33.sh
echo "Depend check for xcode"
Depend check for xcode
cd /Users/wangjiatc/Documents/MyProj/supertuxkart/CMakeFiles/CMakeTmp && make -C /Users/wangjiatc/Documents/MyProj/supertuxkart/CMakeFiles/CMakeTmp -f /Users/wangjiatc/Documents/MyProj/supertuxkart/CMakeFiles/CMakeTmp/CMakeScripts/XCODE_DEPEND_HELPER.make PostBuild.cmTryCompileExec3555951764.Debug
make[1]: Nothing to be done for `PostBuild.cmTryCompileExec3555951764.Debug'.


** BUILD SUCCEEDED **



Determining if the CXX compiler works passed with the following output:
Change Dir: /Users/wangjiatc/Documents/MyProj/supertuxkart/CMakeFiles/CMakeTmp

Run Build Command:/Applications/CMake\ 2.8-9.app/Contents/bin/cmakexbuild -project CMAKE_TRY_COMPILE.xcodeproj build -target cmTryCompileExec1434703414 -configuration Debug
=== BUILD NATIVE TARGET cmTryCompileExec1434703414 OF PROJECT CMAKE_TRY_COMPILE WITH CONFIGURATION Debug ===
Check dependencies

CompileC CMAKE_TRY_COMPILE.build/Debug/cmTryCompileExec1434703414.build/Objects-normal/x86_64/testCXXCompiler.o testCXXCompiler.cxx normal x86_64 c++ com.apple.compilers.llvm.clang.1_0.compiler
    cd /Users/wangjiatc/Documents/MyProj/supertuxkart/CMakeFiles/CMakeTmp
    /Developer/usr/bin/clang -x c++ -arch x86_64 -fmessage-length=0 -fdiagnostics-print-source-range-info -fdiagnostics-show-category=id -fdiagnostics-parseable-fixits -Wno-trigraphs -fpascal-strings -O0 -Wno-return-type -Wparentheses -Wswitch -Wno-unused-parameter -Wno-unused-variable -Wunused-value -Wno-shorten-64-to-32 -Wc++0x-extensions "-DCMAKE_INTDIR=\"Debug\"" -isysroot /Developer/SDKs/MacOSX10.7.sdk -fasm-blocks -mmacosx-version-min=10.7 -Wno-sign-conversion -I/Users/wangjiatc/Documents/MyProj/supertuxkart/CMakeFiles/CMakeTmp/Debug/include -I/Users/wangjiatc/Documents/MyProj/supertuxkart/CMakeFiles/CMakeTmp/CMAKE_TRY_COMPILE.build/Debug/cmTryCompileExec1434703414.build/DerivedSources/x86_64 -I/Users/wangjiatc/Documents/MyProj/supertuxkart/CMakeFiles/CMakeTmp/CMAKE_TRY_COMPILE.build/Debug/cmTryCompileExec1434703414.build/DerivedSources -Wmost -Wno-four-char-constants -Wno-unknown-pragmas -F/Users/wangjiatc/Documents/MyProj/supertuxkart/CMakeFiles/CMakeTmp/Debug -g -MMD -MT dependencies -MF /Users/wangjiatc/Documents/MyProj/supertuxkart/CMakeFiles/CMakeTmp/CMAKE_TRY_COMPILE.build/Debug/cmTryCompileExec1434703414.build/Objects-normal/x86_64/testCXXCompiler.d -c /Users/wangjiatc/Documents/MyProj/supertuxkart/CMakeFiles/CMakeTmp/testCXXCompiler.cxx -o /Users/wangjiatc/Documents/MyProj/supertuxkart/CMakeFiles/CMakeTmp/CMAKE_TRY_COMPILE.build/Debug/cmTryCompileExec1434703414.build/Objects-normal/x86_64/testCXXCompiler.o

Ld Debug/cmTryCompileExec1434703414 normal x86_64
    cd /Users/wangjiatc/Documents/MyProj/supertuxkart/CMakeFiles/CMakeTmp
    /Developer/usr/bin/clang++ -arch x86_64 -isysroot /Developer/SDKs/MacOSX10.7.sdk -L/Users/wangjiatc/Documents/MyProj/supertuxkart/CMakeFiles/CMakeTmp/Debug -F/Users/wangjiatc/Documents/MyProj/supertuxkart/CMakeFiles/CMakeTmp/Debug -filelist /Users/wangjiatc/Documents/MyProj/supertuxkart/CMakeFiles/CMakeTmp/CMAKE_TRY_COMPILE.build/Debug/cmTryCompileExec1434703414.build/Objects-normal/x86_64/cmTryCompileExec1434703414.LinkFileList -mmacosx-version-min=10.7 -Wl,-search_paths_first -Wl,-headerpad_max_install_names -o /Users/wangjiatc/Documents/MyProj/supertuxkart/CMakeFiles/CMakeTmp/Debug/cmTryCompileExec1434703414

PhaseScriptExecution "CMake PostBuild Rules" CMAKE_TRY_COMPILE.build/Debug/cmTryCompileExec1434703414.build/Script-986B2743EF2347C683733D0D.sh
    cd /Users/wangjiatc/Documents/MyProj/supertuxkart/CMakeFiles/CMakeTmp
    /bin/sh -c /Users/wangjiatc/Documents/MyProj/supertuxkart/CMakeFiles/CMakeTmp/CMAKE_TRY_COMPILE.build/Debug/cmTryCompileExec1434703414.build/Script-986B2743EF2347C683733D0D.sh
echo "Depend check for xcode"
Depend check for xcode
cd /Users/wangjiatc/Documents/MyProj/supertuxkart/CMakeFiles/CMakeTmp && make -C /Users/wangjiatc/Documents/MyProj/supertuxkart/CMakeFiles/CMakeTmp -f /Users/wangjiatc/Documents/MyProj/supertuxkart/CMakeFiles/CMakeTmp/CMakeScripts/XCODE_DEPEND_HELPER.make PostBuild.cmTryCompileExec1434703414.Debug
make[1]: Nothing to be done for `PostBuild.cmTryCompileExec1434703414.Debug'.


** BUILD SUCCEEDED **



Detecting CXX compiler ABI info compiled with the following output:
Change Dir: /Users/wangjiatc/Documents/MyProj/supertuxkart/CMakeFiles/CMakeTmp

Run Build Command:/Applications/CMake\ 2.8-9.app/Contents/bin/cmakexbuild -project CMAKE_TRY_COMPILE.xcodeproj build -target cmTryCompileExec2372972418 -configuration Debug
=== BUILD NATIVE TARGET cmTryCompileExec2372972418 OF PROJECT CMAKE_TRY_COMPILE WITH CONFIGURATION Debug ===
Check dependencies

CompileC CMAKE_TRY_COMPILE.build/Debug/cmTryCompileExec2372972418.build/Objects-normal/x86_64/CMakeCXXCompilerABI.o "../../../../../../../Applications/CMake 2.8-9.app/Contents/share/cmake-2.8/Modules/CMakeCXXCompilerABI.cpp" normal x86_64 c++ com.apple.compilers.llvm.clang.1_0.compiler
    cd /Users/wangjiatc/Documents/MyProj/supertuxkart/CMakeFiles/CMakeTmp
    /Developer/usr/bin/clang -x c++ -arch x86_64 -fmessage-length=0 -fdiagnostics-print-source-range-info -fdiagnostics-show-category=id -fdiagnostics-parseable-fixits -Wno-trigraphs -fpascal-strings -O0 -Wno-return-type -Wparentheses -Wswitch -Wno-unused-parameter -Wno-unused-variable -Wunused-value -Wno-shorten-64-to-32 -Wc++0x-extensions "-DCMAKE_INTDIR=\"Debug\"" -isysroot /Developer/SDKs/MacOSX10.7.sdk -fasm-blocks -mmacosx-version-min=10.7 -Wno-sign-conversion -I/Users/wangjiatc/Documents/MyProj/supertuxkart/CMakeFiles/CMakeTmp/Debug/include -I/Users/wangjiatc/Documents/MyProj/supertuxkart/CMakeFiles/CMakeTmp/CMAKE_TRY_COMPILE.build/Debug/cmTryCompileExec2372972418.build/DerivedSources/x86_64 -I/Users/wangjiatc/Documents/MyProj/supertuxkart/CMakeFiles/CMakeTmp/CMAKE_TRY_COMPILE.build/Debug/cmTryCompileExec2372972418.build/DerivedSources -Wmost -Wno-four-char-constants -Wno-unknown-pragmas -F/Users/wangjiatc/Documents/MyProj/supertuxkart/CMakeFiles/CMakeTmp/Debug -g -MMD -MT dependencies -MF /Users/wangjiatc/Documents/MyProj/supertuxkart/CMakeFiles/CMakeTmp/CMAKE_TRY_COMPILE.build/Debug/cmTryCompileExec2372972418.build/Objects-normal/x86_64/CMakeCXXCompilerABI.d -c "/Users/wangjiatc/Documents/MyProj/supertuxkart/CMakeFiles/CMakeTmp/../../../../../../../Applications/CMake 2.8-9.app/Contents/share/cmake-2.8/Modules/CMakeCXXCompilerABI.cpp" -o /Users/wangjiatc/Documents/MyProj/supertuxkart/CMakeFiles/CMakeTmp/CMAKE_TRY_COMPILE.build/Debug/cmTryCompileExec2372972418.build/Objects-normal/x86_64/CMakeCXXCompilerABI.o

Ld Debug/cmTryCompileExec2372972418 normal x86_64
    cd /Users/wangjiatc/Documents/MyProj/supertuxkart/CMakeFiles/CMakeTmp
    /Developer/usr/bin/clang++ -arch x86_64 -isysroot /Developer/SDKs/MacOSX10.7.sdk -L/Users/wangjiatc/Documents/MyProj/supertuxkart/CMakeFiles/CMakeTmp/Debug -F/Users/wangjiatc/Documents/MyProj/supertuxkart/CMakeFiles/CMakeTmp/Debug -filelist /Users/wangjiatc/Documents/MyProj/supertuxkart/CMakeFiles/CMakeTmp/CMAKE_TRY_COMPILE.build/Debug/cmTryCompileExec2372972418.build/Objects-normal/x86_64/cmTryCompileExec2372972418.LinkFileList -mmacosx-version-min=10.7 -v -Wl,-search_paths_first -Wl,-headerpad_max_install_names -o /Users/wangjiatc/Documents/MyProj/supertuxkart/CMakeFiles/CMakeTmp/Debug/cmTryCompileExec2372972418

PhaseScriptExecution "CMake PostBuild Rules" CMAKE_TRY_COMPILE.build/Debug/cmTryCompileExec2372972418.build/Script-1373BE2FEF7F4F21B04EFE11.sh
    cd /Users/wangjiatc/Documents/MyProj/supertuxkart/CMakeFiles/CMakeTmp
    /bin/sh -c /Users/wangjiatc/Documents/MyProj/supertuxkart/CMakeFiles/CMakeTmp/CMAKE_TRY_COMPILE.build/Debug/cmTryCompileExec2372972418.build/Script-1373BE2FEF7F4F21B04EFE11.sh
echo "Depend check for xcode"
Depend check for xcode
cd /Users/wangjiatc/Documents/MyProj/supertuxkart/CMakeFiles/CMakeTmp && make -C /Users/wangjiatc/Documents/MyProj/supertuxkart/CMakeFiles/CMakeTmp -f /Users/wangjiatc/Documents/MyProj/supertuxkart/CMakeFiles/CMakeTmp/CMakeScripts/XCODE_DEPEND_HELPER.make PostBuild.cmTryCompileExec2372972418.Debug
make[1]: Nothing to be done for `PostBuild.cmTryCompileExec2372972418.Debug'.


** BUILD SUCCEEDED **



